<?xml version="1.0" encoding="UTF-8"?>
<!-- Generated by org.testng.reporters.JUnitXMLReporter -->
<testsuite ignored="0" hostname="DESKTOP-3RM6M1V" failures="0" tests="3" name="Registration Page Test" time="26.228" errors="0" timestamp="20 Jul 2023 09:41:52 GMT">
  <testcase classname="com.qa.opencart.test.RegistrationPageTest" name="userRegTest" time="4.026"/>
  <testcase classname="com.qa.opencart.test.RegistrationPageTest" name="userRegTest" time="4.836"/>
  <testcase classname="com.qa.opencart.test.RegistrationPageTest" name="userRegTest" time="4.118"/>
</testsuite> <!-- Registration Page Test -->
