<?xml version="1.0" encoding="UTF-8"?>
<!-- Generated by org.testng.reporters.JUnitXMLReporter -->
<testsuite ignored="0" hostname="DESKTOP-3RM6M1V" failures="0" tests="3" name="Default test" time="19.311" errors="0" timestamp="19 Jul 2023 09:15:00 GMT">
  <testcase classname="com.qa.opencart.test.RegistrationPageTest" name="userRegTest" time="3.337"/>
  <testcase classname="com.qa.opencart.test.RegistrationPageTest" name="userRegTest" time="3.095"/>
  <testcase classname="com.qa.opencart.test.RegistrationPageTest" name="userRegTest" time="3.563"/>
</testsuite> <!-- Default test -->
